<?xml version="1.0" encoding="UTF-8"?>
<testsuite xmlns:xsi="http://www.w3.org/2001/XMLSchema-instance" xsi:noNamespaceSchemaLocation="https://maven.apache.org/surefire/maven-surefire-plugin/xsd/surefire-test-report.xsd" version="3.0.2" name="org.alexmond.sample.cloud.SpringBootGatewayApplicationTests" time="1.54" tests="1" errors="0" skipped="0" failures="0">
  <properties>
[...]
</properties>
  <testcase name="contextLoads" classname="org.alexmond.sample.cloud.SpringBootGatewayApplicationTests" time="0.34">
    <system-out><![CDATA[14:56:46.299 [main] INFO org.springframework.test.context.support.AnnotationConfigContextLoaderUtils -- Could not detect default configuration classes for test class [org.alexmond.sample.cloud.SpringBootGatewayApplicationTests]: SpringBootGatewayApplicationTests does not declare any static, non-private, non-final, nested classes annotated with @Configuration.
14:56:46.337 [main] INFO org.springframework.boot.test.context.SpringBootTestContextBootstrapper -- Found @SpringBootConfiguration org.alexmond.sample.cloud.SpringBootGatewayApplication for test class org.alexmond.sample.cloud.SpringBootGatewayApplicationTests

  .   ____          _            __ _ _
 /\\ / ___'_ __ _ _(_)_ __  __ _ \ \ \ \
( ( )\___ | '_ | '_| | '_ \/ _` | \ \ \ \
 \\/  ___)| |_)| | | | | || (_| |  ) ) ) )
  '  |____| .__|_| |_|_| |_\__, | / / / /
 =========|_|==============|___/=/_/_/_/

 :: Spring Boot ::                (v3.5.4)

2025-08-18T14:56:46.592-04:00  INFO 20125 --- [spring-boot-gateway] [           main] .a.s.c.SpringBootGatewayApplicationTests : Starting SpringBootGatewayApplicationTests using Java 21.0.7 with PID 20125 (started by alex.mondshain in /Users/alex.mondshain/IdeaProjects/spring-cloud-examples/spring-boot-cloud-kubernetes/spring-boot-gateway-k8s)
2025-08-18T14:56:46.593-04:00  INFO 20125 --- [spring-boot-gateway] [           main] .a.s.c.SpringBootGatewayApplicationTests : No active profile set, falling back to 1 default profile: "default"
2025-08-18T14:56:46.989-04:00  INFO 20125 --- [spring-boot-gateway] [           main] o.s.cloud.context.scope.GenericScope     : BeanFactory id=61cc8fc3-213d-3661-ba6c-0bbc59cce67d
2025-08-18T14:56:47.254-04:00  INFO 20125 --- [spring-boot-gateway] [           main] o.s.c.g.r.RouteDefinitionRouteLocator    : Loaded RoutePredicateFactory [After]
2025-08-18T14:56:47.255-04:00  INFO 20125 --- [spring-boot-gateway] [           main] o.s.c.g.r.RouteDefinitionRouteLocator    : Loaded RoutePredicateFactory [Before]
2025-08-18T14:56:47.255-04:00  INFO 20125 --- [spring-boot-gateway] [           main] o.s.c.g.r.RouteDefinitionRouteLocator    : Loaded RoutePredicateFactory [Between]
2025-08-18T14:56:47.255-04:00  INFO 20125 --- [spring-boot-gateway] [           main] o.s.c.g.r.RouteDefinitionRouteLocator    : Loaded RoutePredicateFactory [Cookie]
2025-08-18T14:56:47.255-04:00  INFO 20125 --- [spring-boot-gateway] [           main] o.s.c.g.r.RouteDefinitionRouteLocator    : Loaded RoutePredicateFactory [Header]
2025-08-18T14:56:47.255-04:00  INFO 20125 --- [spring-boot-gateway] [           main] o.s.c.g.r.RouteDefinitionRouteLocator    : Loaded RoutePredicateFactory [Host]
2025-08-18T14:56:47.255-04:00  INFO 20125 --- [spring-boot-gateway] [           main] o.s.c.g.r.RouteDefinitionRouteLocator    : Loaded RoutePredicateFactory [Method]
2025-08-18T14:56:47.255-04:00  INFO 20125 --- [spring-boot-gateway] [           main] o.s.c.g.r.RouteDefinitionRouteLocator    : Loaded RoutePredicateFactory [Path]
2025-08-18T14:56:47.255-04:00  INFO 20125 --- [spring-boot-gateway] [           main] o.s.c.g.r.RouteDefinitionRouteLocator    : Loaded RoutePredicateFactory [Query]
2025-08-18T14:56:47.255-04:00  INFO 20125 --- [spring-boot-gateway] [           main] o.s.c.g.r.RouteDefinitionRouteLocator    : Loaded RoutePredicateFactory [ReadBody]
2025-08-18T14:56:47.255-04:00  INFO 20125 --- [spring-boot-gateway] [           main] o.s.c.g.r.RouteDefinitionRouteLocator    : Loaded RoutePredicateFactory [RemoteAddr]
2025-08-18T14:56:47.255-04:00  INFO 20125 --- [spring-boot-gateway] [           main] o.s.c.g.r.RouteDefinitionRouteLocator    : Loaded RoutePredicateFactory [XForwardedRemoteAddr]
2025-08-18T14:56:47.255-04:00  INFO 20125 --- [spring-boot-gateway] [           main] o.s.c.g.r.RouteDefinitionRouteLocator    : Loaded RoutePredicateFactory [Weight]
2025-08-18T14:56:47.255-04:00  INFO 20125 --- [spring-boot-gateway] [           main] o.s.c.g.r.RouteDefinitionRouteLocator    : Loaded RoutePredicateFactory [CloudFoundryRouteService]
2025-08-18T14:56:47.336-04:00  INFO 20125 --- [spring-boot-gateway] [           main] o.s.b.a.e.web.EndpointLinksResolver      : Exposing 1 endpoint beneath base path '/actuator'
2025-08-18T14:56:47.444-04:00  INFO 20125 --- [spring-boot-gateway] [           main] .a.s.c.SpringBootGatewayApplicationTests : Started SpringBootGatewayApplicationTests in 0.971 seconds (process running for 1.41)
]]></system-out>
    <system-err><![CDATA[Mockito is currently self-attaching to enable the inline-mock-maker. This will no longer work in future releases of the JDK. Please add Mockito as an agent to your build as described in Mockito's documentation: https://javadoc.io/doc/org.mockito/mockito-core/latest/org.mockito/org/mockito/Mockito.html#0.3
WARNING: A Java agent has been loaded dynamically (/Users/alex.mondshain/.m2/repository/net/bytebuddy/byte-buddy-agent/1.17.6/byte-buddy-agent-1.17.6.jar)
WARNING: If a serviceability tool is in use, please run with -XX:+EnableDynamicAgentLoading to hide this warning
WARNING: If a serviceability tool is not in use, please run with -Djdk.instrument.traceUsage for more information
WARNING: Dynamic loading of agents will be disallowed by default in a future release
]]></system-err>
  </testcase>
</testsuite>